15:30:35.824 INFO  - Processing command line option -hwspec J:/zing_pro/snowleo/SnowLeo_SDR_v14_7_rls2.0_int/pldma.sdk/SDK/SDK_Export/hw/cpu0.xml. 
15:31:23.318 INFO  - Restoring global repository preferences: 
		 J:\ 
15:34:47.404 INFO  - Successfully generated J:\zing_pro\snowleo\SnowLeo_SDR_v14_7_rls2.0_int\pldma.sdk\SDK\SDK_Export\pldma_int\src\lscript.ld. 
15:34:47.406 INFO  - Applying linker script to all configurations of project pldma_int. 
15:34:47.406 INFO  - Setting rebuild state to true for all configurations of project pldma_int. 
15:44:30.341 INFO  - FPGA configured successfully with bitstream "J:/zing_pro/snowleo/SnowLeo_SDR_v14_7_rls2.0_int/pldma.runs/impl_1/dma_demo.bit" 
15:51:20.438 INFO  - Processor reset is completed for ps7_cortexa9_0 
15:51:20.538 INFO  - PS initialization will be done as it is not done before. 
15:51:20.538 INFO  - Running PS initialization.... 
15:51:21.295 INFO  - ps7_init is completed. 
15:51:21.395 INFO  - ps7_post_config is completed. 
15:51:21.495 INFO  - PS Initialization is complete. 
15:53:10.200 INFO  - FPGA configured successfully with bitstream "J:/zing_pro/snowleo/SnowLeo_SDR_v14_7_rls2.0_int/pldma.runs/impl_1/dma_demo.bit" 
15:53:16.158 INFO  - Processor reset is completed for ps7_cortexa9_0 
15:53:16.258 INFO  - PS initialization will be done as it is not done before. 
15:53:16.258 INFO  - Running PS initialization.... 
15:53:16.986 INFO  - ps7_init is completed. 
15:53:17.086 INFO  - ps7_post_config is completed. 
15:53:17.186 INFO  - PS Initialization is complete. 
15:54:09.035 INFO  - FPGA configured successfully with bitstream "J:/zing_pro/snowleo/SnowLeo_SDR_v14_7_rls2.0_int/pldma.runs/impl_1/dma_demo.bit" 
15:54:14.843 INFO  - Processor reset is completed for ps7_cortexa9_0 
15:55:07.622 INFO  - Processor reset is completed for ps7_cortexa9_0 
15:55:35.818 INFO  - FPGA configured successfully with bitstream "J:/zing_pro/snowleo/SnowLeo_SDR_v14_7_rls2.0_int/pldma.runs/impl_1/dma_demo.bit" 
15:56:05.226 INFO  - Processor reset is completed for ps7_cortexa9_0 
15:56:05.326 INFO  - PS initialization will be done as it is not done before. 
15:56:05.326 INFO  - Running PS initialization.... 
15:56:06.001 INFO  - ps7_init is completed. 
15:56:06.101 INFO  - ps7_post_config is completed. 
15:56:06.201 INFO  - PS Initialization is complete. 
15:57:49.398 INFO  - FPGA configured successfully with bitstream "J:/zing_pro/snowleo/SnowLeo_SDR_v14_7_rls2.0_int/pldma.runs/impl_1/dma_demo.bit" 
15:57:58.996 INFO  - Processor reset is completed for ps7_cortexa9_0 
16:07:54.641 ERROR - Unexpected error while parsing XMD response ?: com.google.gson.JsonSyntaxException: com.google.gson.stream.MalformedJsonException: invalid number or unquoted string near  
13:24:30.855 INFO  - Processing command line option -hwspec J:/zing_pro/snowleo/SnowLeo_SDR_v14_7_rls2.0_int/pldma.sdk/SDK/SDK_Export/hw/cpu0.xml. 
13:24:34.078 INFO  - The hardware specification for project 'cpu0_hw_platform' is different from J:/zing_pro/snowleo/SnowLeo_SDR_v14_7_rls2.0_int/pldma.sdk/SDK/SDK_Export/hw/cpu0.xml. 
13:24:34.623 INFO  - Copied contents of J:/zing_pro/snowleo/SnowLeo_SDR_v14_7_rls2.0_int/pldma.sdk/SDK/SDK_Export/hw/cpu0.xml into \cpu0_hw_platform\system.xml. 
13:24:34.632 INFO  - Copied contents of J:\zing_pro\snowleo\SnowLeo_SDR_v14_7_rls2.0_int\pldma.sdk\SDK\SDK_Export\hw\ps7_init.c into \cpu0_hw_platform\ps7_init.c. 
13:24:34.635 INFO  - Copied contents of J:\zing_pro\snowleo\SnowLeo_SDR_v14_7_rls2.0_int\pldma.sdk\SDK\SDK_Export\hw\ps7_init.h into \cpu0_hw_platform\ps7_init.h. 
13:24:34.642 INFO  - Copied contents of J:\zing_pro\snowleo\SnowLeo_SDR_v14_7_rls2.0_int\pldma.sdk\SDK\SDK_Export\hw\ps7_init.html into \cpu0_hw_platform\ps7_init.html. 
13:24:34.645 INFO  - Copied contents of J:\zing_pro\snowleo\SnowLeo_SDR_v14_7_rls2.0_int\pldma.sdk\SDK\SDK_Export\hw\ps7_init.tcl into \cpu0_hw_platform\ps7_init.tcl. 
13:24:35.434 INFO  - Synchronizing projects in the workspace with the hardware platform specification changes. 
13:24:37.505 INFO  - Restoring global repository preferences: 
		 J:\ 
13:24:39.509 INFO  - Updating hardware inferred compiler options for pldma_int. 
13:24:40.261 INFO  - Updating hardware inferred compiler options for snowleo_fsbl. 
13:24:40.299 INFO  - Clearing existing target manager status. 
13:24:43.200 INFO  - Copied contents of J:\zing_pro\snowleo\SnowLeo_SDR_v14_7_rls2.0_int\pldma.sdk\SDK\SDK_Export\cpu0_hw_platform\ps7_init.c into \snowleo_fsbl\src\ps7_init.c. 
13:24:43.209 INFO  - Copied contents of J:\zing_pro\snowleo\SnowLeo_SDR_v14_7_rls2.0_int\pldma.sdk\SDK\SDK_Export\cpu0_hw_platform\ps7_init.h into \snowleo_fsbl\src\ps7_init.h. 
13:24:43.252 INFO  - Copied contents of J:\zing_pro\snowleo\SnowLeo_SDR_v14_7_rls2.0_int\pldma.sdk\SDK\SDK_Export\cpu0_hw_platform\ps7_init.html into \snowleo_fsbl\src\ps7_init.html. 
13:24:43.255 INFO  - Copied contents of J:\zing_pro\snowleo\SnowLeo_SDR_v14_7_rls2.0_int\pldma.sdk\SDK\SDK_Export\cpu0_hw_platform\ps7_init.tcl into \snowleo_fsbl\src\ps7_init.tcl. 
13:29:04.235 INFO  - FPGA configured successfully with bitstream "J:/zing_pro/snowleo/SnowLeo_SDR_v14_7_rls2.0_int/pldma.runs/impl_1/dma_demo.bit" 
13:38:37.747 INFO  - Processor reset is completed for ps7_cortexa9_0 
13:38:37.847 INFO  - PS initialization will be done as it is not done before. 
13:38:37.847 INFO  - Running PS initialization.... 
13:38:38.613 INFO  - ps7_init is completed. 
13:38:38.713 INFO  - ps7_post_config is completed. 
13:38:38.813 INFO  - PS Initialization is complete. 
13:41:55.439 INFO  - Processor reset is completed for ps7_cortexa9_0 
18:08:45.442 ERROR - Unexpected error while fetching XMD's response:  java.net.SocketException: Connection reset
	at java.net.SocketInputStream.read(Unknown Source)
	at sun.nio.cs.StreamDecoder.readBytes(Unknown Source)

18:08:45.474 ERROR - Zero sized response read from XMD. This indicates a communication error or a programming error. 
12:56:46.186 INFO  - Processing command line option -hwspec D:/my_work/Zing-project/SnowLeo_SDR_v14_7_rls2.0_int_7020_src/pldma.sdk/SDK/SDK_Export/hw/cpu0.xml. 
12:56:48.217 INFO  - The hardware specification for project 'cpu0_hw_platform' is different from D:/my_work/Zing-project/SnowLeo_SDR_v14_7_rls2.0_int_7020_src/pldma.sdk/SDK/SDK_Export/hw/cpu0.xml. 
12:56:48.609 INFO  - Copied contents of D:/my_work/Zing-project/SnowLeo_SDR_v14_7_rls2.0_int_7020_src/pldma.sdk/SDK/SDK_Export/hw/cpu0.xml into \cpu0_hw_platform\system.xml. 
12:56:48.613 INFO  - Copied contents of D:\my_work\Zing-project\SnowLeo_SDR_v14_7_rls2.0_int_7020_src\pldma.sdk\SDK\SDK_Export\hw\ps7_init.c into \cpu0_hw_platform\ps7_init.c. 
12:56:48.614 INFO  - Copied contents of D:\my_work\Zing-project\SnowLeo_SDR_v14_7_rls2.0_int_7020_src\pldma.sdk\SDK\SDK_Export\hw\ps7_init.h into \cpu0_hw_platform\ps7_init.h. 
12:56:48.616 INFO  - Copied contents of D:\my_work\Zing-project\SnowLeo_SDR_v14_7_rls2.0_int_7020_src\pldma.sdk\SDK\SDK_Export\hw\ps7_init.html into \cpu0_hw_platform\ps7_init.html. 
12:56:48.617 INFO  - Copied contents of D:\my_work\Zing-project\SnowLeo_SDR_v14_7_rls2.0_int_7020_src\pldma.sdk\SDK\SDK_Export\hw\ps7_init.tcl into \cpu0_hw_platform\ps7_init.tcl. 
12:56:49.029 INFO  - Synchronizing projects in the workspace with the hardware platform specification changes. 
12:57:16.011 INFO  - Updating hardware inferred compiler options for pldma_int. 
12:57:16.768 INFO  - Updating hardware inferred compiler options for snowleo_fsbl. 
12:57:16.836 INFO  - Clearing existing target manager status. 
12:57:19.465 INFO  - Copied contents of D:\my_work\Zing-project\SnowLeo_SDR_v14_7_rls2.0_int_7020_src\pldma.sdk\SDK\SDK_Export\cpu0_hw_platform\ps7_init.c into \snowleo_fsbl\src\ps7_init.c. 
12:57:19.468 INFO  - Copied contents of D:\my_work\Zing-project\SnowLeo_SDR_v14_7_rls2.0_int_7020_src\pldma.sdk\SDK\SDK_Export\cpu0_hw_platform\ps7_init.h into \snowleo_fsbl\src\ps7_init.h. 
12:57:19.472 INFO  - Copied contents of D:\my_work\Zing-project\SnowLeo_SDR_v14_7_rls2.0_int_7020_src\pldma.sdk\SDK\SDK_Export\cpu0_hw_platform\ps7_init.html into \snowleo_fsbl\src\ps7_init.html. 
12:57:19.473 INFO  - Copied contents of D:\my_work\Zing-project\SnowLeo_SDR_v14_7_rls2.0_int_7020_src\pldma.sdk\SDK\SDK_Export\cpu0_hw_platform\ps7_init.tcl into \snowleo_fsbl\src\ps7_init.tcl. 
13:25:06.389 INFO  - Invoking Bootgen:  
13:25:07.030 INFO  - Bootgen command execution is done. 
